Removed Pin From Net: NetName=GND_BAT Pin=P1-1
Removed Pin From Net: NetName=3V3 Pin=P1-4
Removed Pin From Net: NetName=GND Pin=P6-1
Removed Pin From Net: NetName=3V3 Pin=P6-3
Added Component: Designator=P12(HDR1X3_F)
Add component (AddParameter): Name = "LatestRevisionDate"; Value = "17-Jul-2002"; VariantName = "[No Variations]"
Add component (AddParameter): Name = "LatestRevisionNote"; Value = "Re-released for DXP Platform."; VariantName = "[No Variations]"
Add component (AddParameter): Name = "Publisher"; Value = "Altium Limited"; VariantName = "[No Variations]"
Added Component: Designator=P13(HDR1X2_M - KK)
Add component (AddParameter): Name = "LatestRevisionDate"; Value = "17-Jul-2002"; VariantName = "[No Variations]"
Add component (AddParameter): Name = "LatestRevisionNote"; Value = "Re-released for DXP Platform."; VariantName = "[No Variations]"
Add component (AddParameter): Name = "Publisher"; Value = "Altium Limited"; VariantName = "[No Variations]"
Added Pin To Net: NetName=7V4 Pin=P12-3
Added Pin To Net: NetName=GND Pin=P13-1
Added Pin To Net: NetName=3V3_ex Pin=P1-4
Added Pin To Net: NetName=3V3_ex Pin=P6-3
Added Pin To Net: NetName=3V3_ex Pin=P12-2
Added Net: Name=3V3_ex
Added Pin To Net: NetName=GND_ex Pin=P1-1
Added Pin To Net: NetName=GND_ex Pin=P6-1
Added Pin To Net: NetName=GND_ex Pin=P12-1
Added Pin To Net: NetName=GND_ex Pin=P13-2
Added Net: Name=GND_ex
Added Member To Class: ClassName=esquema_car_like_pcb Member=Component P12 REG 3v3_ex
Added Member To Class: ClassName=esquema_car_like_pcb Member=Component P13 Header 2_male_kk
