Removed Pin From Net: NetName=5V Pin=P8-2
Removed Pin From Net: NetName=5V Pin=P10-2
Removed Pin From Net: NetName=7V4 Pin=U1-15
Removed Pin From Net: NetName=servoPin Pin=U1-16
Added Component: Designator=P4(HDR1X2_M - KK)
Add component (AddParameter): Name = "LatestRevisionDate"; Value = "17-Jul-2002"; VariantName = "[No Variations]"
Add component (AddParameter): Name = "LatestRevisionNote"; Value = "Re-released for DXP Platform."; VariantName = "[No Variations]"
Add component (AddParameter): Name = "Publisher"; Value = "Altium Limited"; VariantName = "[No Variations]"
Added Component: Designator=P6(HDR1X3_M - KK)
Add component (AddParameter): Name = "LatestRevisionDate"; Value = "17-Jul-2002"; VariantName = "[No Variations]"
Add component (AddParameter): Name = "LatestRevisionNote"; Value = "Re-released for DXP Platform."; VariantName = "[No Variations]"
Add component (AddParameter): Name = "Publisher"; Value = "Altium Limited"; VariantName = "[No Variations]"
Added Pin To Net: NetName=7V4 Pin=P4-2
Added Pin To Net: NetName=3V3 Pin=P6-3
Added Pin To Net: NetName=3V3 Pin=P8-2
Added Pin To Net: NetName=3V3 Pin=P10-2
Added Pin To Net: NetName=SDA Pin=P11-1
Added Pin To Net: NetName=SCL Pin=P11-2
Added Pin To Net: NetName=servoPin Pin=U1-10
Added Pin To Net: NetName=DIR_L Pin=P11-3
Added Pin To Net: NetName=DIR_L Pin=U1-23
Added Net: Name=DIR_L
Added Pin To Net: NetName=DIR_R Pin=P9-3
Added Pin To Net: NetName=DIR_R Pin=U1-8
Added Net: Name=DIR_R
Added Pin To Net: NetName=GND Pin=P6-1
Added Net: Name=GND
Added Pin To Net: NetName=POT_PIN Pin=P6-2
Added Pin To Net: NetName=POT_PIN Pin=U1-4
Added Net: Name=POT_PIN
Added Pin To Net: NetName=SCL_1 Pin=P9-2
Added Pin To Net: NetName=SCL_1 Pin=U1-7
Added Net: Name=SCL_1
Added Pin To Net: NetName=SDA_1 Pin=P9-1
Added Pin To Net: NetName=SDA_1 Pin=U1-6
Added Net: Name=SDA_1
Added Pin To Net: NetName=VIN Pin=P4-1
Added Pin To Net: NetName=VIN Pin=U1-15
Added Net: Name=VIN
Added Member To Class: ClassName=esquema_car_like_pcb Member=Component P4 CHAVE_VIN
Added Member To Class: ClassName=esquema_car_like_pcb Member=Component P6 POT
